<?xml version="1.0" encoding="utf-8"?><testsuites name="pytest tests"><testsuite name="pytest" errors="0" failures="0" skipped="0" tests="18" time="48.417" timestamp="2026-05-20T23:09:50.860093+00:00" hostname="agent-env-59003936-f77e-4ab5-b50e-be8e9c655a29"><testcase classname="backend.tests.test_iteration3.TestStats" name="test_stats_users_is_count" time="0.299" /><testcase classname="backend.tests.test_iteration3.TestGames4" name="test_exactly_4_games" time="0.053" /><testcase classname="backend.tests.test_iteration3.TestGames4" name="test_no_removed_games" time="0.053" /><testcase classname="backend.tests.test_iteration3.TestGames4" name="test_each_game_has_image" time="0.047" /><testcase classname="backend.tests.test_iteration3.TestGames4" name="test_apply_all_4_games" time="0.481" /><testcase classname="backend.tests.test_iteration3.TestScanBrowser" name="test_requires_auth" time="0.051" /><testcase classname="backend.tests.test_iteration3.TestScanBrowser" name="test_parses_nvidia_rtx_3060" time="0.049" /><testcase classname="backend.tests.test_iteration3.TestScanBrowser" name="test_parses_amd_radeon" time="0.049" /><testcase classname="backend.tests.test_iteration3.TestScanBrowser" name="test_unknown_gpu_fallback" time="0.050" /><testcase classname="backend.tests.test_iteration3.TestServices" name="test_12_protected_services" time="0.047" /><testcase classname="backend.tests.test_iteration3.TestSecurityStatus" name="test_requires_auth" time="0.051" /><testcase classname="backend.tests.test_iteration3.TestSecurityStatus" name="test_security_status_payload" time="0.049" /><testcase classname="backend.tests.test_iteration3.TestAutoMode" name="test_requires_auth_get" time="0.049" /><testcase classname="backend.tests.test_iteration3.TestAutoMode" name="test_requires_auth_post" time="0.048" /><testcase classname="backend.tests.test_iteration3.TestAutoMode" name="test_set_and_get" time="0.264" /><testcase classname="backend.tests.test_iteration3.TestOptimizationsDefault" name="test_default_items_cover_all_categories" time="0.073" /><testcase classname="backend.tests.test_iteration3.TestOptimizationsDefault" name="test_each_item_shape" time="0.048" /><testcase classname="backend.tests.test_iteration3.TestAnalyze" name="test_analyze_after_browser_scan" time="46.586" /></testsuite></testsuites>