<?xml version="1.0" encoding="utf-8"?><testsuites name="pytest tests"><testsuite name="pytest" errors="0" failures="0" skipped="0" tests="16" time="47.986" timestamp="2026-05-20T22:35:27.631356+00:00" hostname="agent-env-59003936-f77e-4ab5-b50e-be8e9c655a29"><testcase classname="backend.tests.backend_test.TestPublic" name="test_root" time="0.293" /><testcase classname="backend.tests.backend_test.TestPublic" name="test_stats" time="0.056" /><testcase classname="backend.tests.backend_test.TestPublic" name="test_news" time="0.052" /><testcase classname="backend.tests.backend_test.TestPublic" name="test_tools" time="0.052" /><testcase classname="backend.tests.backend_test.TestPublic" name="test_protected_services" time="0.052" /><testcase classname="backend.tests.backend_test.TestAuth" name="test_register_and_login" time="0.888" /><testcase classname="backend.tests.backend_test.TestAuth" name="test_me" time="0.332" /><testcase classname="backend.tests.backend_test.TestAuth" name="test_me_no_token" time="0.051" /><testcase classname="backend.tests.backend_test.TestScanAndAnalyze" name="test_scan_requires_auth" time="0.053" /><testcase classname="backend.tests.backend_test.TestScanAndAnalyze" name="test_scan_ok" time="0.048" /><testcase classname="backend.tests.backend_test.TestScanAndAnalyze" name="test_analyze_returns_optimizations" time="35.138" /><testcase classname="backend.tests.backend_test.TestScanAndAnalyze" name="test_default_optimizations" time="0.057" /><testcase classname="backend.tests.backend_test.TestChat" name="test_chat_flow_and_history" time="10.503" /><testcase classname="backend.tests.backend_test.TestChat" name="test_chat_requires_auth" time="0.047" /><testcase classname="backend.tests.backend_test.TestSettings" name="test_settings_persist" time="0.115" /><testcase classname="backend.tests.backend_test.TestApply" name="test_apply_bumps_pct" time="0.115" /></testsuite></testsuites>