<?xml version="1.0" encoding="utf-8"?><testsuites name="pytest tests"><testsuite name="pytest" errors="0" failures="0" skipped="0" tests="21" time="5.839" timestamp="2026-05-20T22:48:57.230684+00:00" hostname="agent-env-59003936-f77e-4ab5-b50e-be8e9c655a29"><testcase classname="backend.tests.test_v2_features.TestVersion" name="test_root_version_is_1_0" time="0.233" /><testcase classname="backend.tests.test_v2_features.TestVersion" name="test_stats_version_is_1_0" time="0.067" /><testcase classname="backend.tests.test_v2_features.TestGames" name="test_list_games" time="0.071" /><testcase classname="backend.tests.test_v2_features.TestGames" name="test_apply_free_fire_requires_auth" time="0.075" /><testcase classname="backend.tests.test_v2_features.TestGames" name="test_apply_free_fire" time="0.346" /><testcase classname="backend.tests.test_v2_features.TestGames" name="test_apply_unknown_game_404" time="0.057" /><testcase classname="backend.tests.test_v2_features.TestDNS" name="test_list_dns" time="0.057" /><testcase classname="backend.tests.test_v2_features.TestDNS" name="test_apply_dns_requires_auth" time="0.056" /><testcase classname="backend.tests.test_v2_features.TestDNS" name="test_apply_cloudflare" time="0.053" /><testcase classname="backend.tests.test_v2_features.TestDNS" name="test_apply_unknown_dns_404" time="0.059" /><testcase classname="backend.tests.test_v2_features.TestProcesses" name="test_list_processes" time="0.051" /><testcase classname="backend.tests.test_v2_features.TestProcesses" name="test_kill_processes_separates_safe_vs_critical" time="0.056" /><testcase classname="backend.tests.test_v2_features.TestAchievements" name="test_achievements_requires_auth" time="0.050" /><testcase classname="backend.tests.test_v2_features.TestAchievements" name="test_fresh_user_unlocks_protector_and_game_profile" time="0.051" /><testcase classname="backend.tests.test_v2_features.TestAchievements" name="test_brand_new_user_protector_only" time="0.334" /><testcase classname="backend.tests.test_v2_features.TestAchievements" name="test_ai_chat_unlocks_after_chat" time="3.545" /><testcase classname="backend.tests.test_v2_features.TestBoostHistory" name="test_requires_auth" time="0.058" /><testcase classname="backend.tests.test_v2_features.TestBoostHistory" name="test_returns_7_days" time="0.057" /><testcase classname="backend.tests.test_v2_features.TestTheme" name="test_set_valid_themes" time="0.282" /><testcase classname="backend.tests.test_v2_features.TestTheme" name="test_set_invalid_theme_400" time="0.055" /><testcase classname="backend.tests.test_v2_features.TestTheme" name="test_theme_requires_auth" time="0.065" /></testsuite></testsuites>